<?xml version="1.0" encoding="UTF-8"?>
<!-- Generated by org.testng.reporters.JUnitReportReporter -->
<testsuite skipped="0" hostname="Dhruvs-Air" name="R_tests.R_HomePageTest" tests="1" failures="0" timestamp="21 Jun 2020 16:36:16 GMT" time="10.920" errors="0">
  <testcase name="CareerTest" time="10.920" classname="R_tests.R_HomePageTest"/>
</testsuite> <!-- R_tests.R_HomePageTest -->
