<?xml version="1.0" encoding="UTF-8"?>
<!-- Generated by org.testng.reporters.JUnitReportReporter -->
<testsuite skipped="0" hostname="Dhruvs-Air" name="R_tests.R_EnquireNowTest" tests="1" failures="0" timestamp="2020-06-30T03:14:43 EDT" time="52.172" errors="0">
  <testcase name="validEnquireNowFormTest" time="52.172" classname="R_tests.R_EnquireNowTest"/>
</testsuite> <!-- R_tests.R_EnquireNowTest -->
