<?xml version="1.0" encoding="UTF-8"?>
<!-- Generated by org.testng.reporters.JUnitReportReporter -->
<testsuite skipped="0" hostname="Dhruvs-Air" name="R_tests.R_EnquireNowTest" tests="1" failures="0" timestamp="21 Jun 2020 16:42:36 GMT" time="15.220" errors="0">
  <testcase name="validEnquireNowFormTest" time="15.220" classname="R_tests.R_EnquireNowTest"/>
</testsuite> <!-- R_tests.R_EnquireNowTest -->
