<?xml version="1.0" encoding="UTF-8"?>
<!-- Generated by org.testng.reporters.JUnitReportReporter -->
<testsuite skipped="0" hostname="Dhruvs-Air" name="R_tests.R_CareerTest" tests="1" failures="0" timestamp="22 Jun 2020 04:39:23 GMT" time="39.985" errors="0">
  <testcase name="validCareerFormTest" time="39.985" classname="R_tests.R_CareerTest"/>
</testsuite> <!-- R_tests.R_CareerTest -->
