<?xml version="1.0" encoding="UTF-8"?>
<!-- Generated by org.testng.reporters.JUnitReportReporter -->
<testsuite skipped="0" hostname="Dhruvs-Air" name="R_tests.R_CareerTest" tests="1" failures="0" timestamp="2020-06-30T14:04:05 EDT" time="37.639" errors="0">
  <testcase name="validCareerFormTest" time="37.639" classname="R_tests.R_CareerTest"/>
</testsuite> <!-- R_tests.R_CareerTest -->
